<?xml version='1.0' encoding='UTF-8'?>
<testsuite hostname="DESKTOP-KCULRDT" name="com.atos.exercise.ShoppingCartSpec" tests="5" errors="0" failures="0" skipped="0" time="0.04" timestamp="2023-04-19T04:46:19">
          <properties>
      <property name="java.specification.version" value="15"/><property name="sun.cpu.isalist" value="amd64"/><property name="sun.jnu.encoding" value="Cp1252"/><property name="sun.arch.data.model" value="64"/><property name="java.vendor.url" value="https://java.oracle.com/"/><property name="sun.boot.library.path" value="C:\Program Files\Java\jdk-15.0.2\bin"/><property name="sun.java.command" value="xsbt.boot.Boot test"/><property name="jdk.debug" value="release"/><property name="sun.stderr.encoding" value="cp437"/><property name="java.specification.vendor" value="Oracle Corporation"/><property name="java.version.date" value="2021-01-19"/><property name="java.home" value="C:\Program Files\Java\jdk-15.0.2"/><property name="file.separator" value="\"/><property name="java.vm.compressedOopsMode" value="32-bit"/><property name="line.separator" value="
"/><property name="sun.stdout.encoding" value="cp437"/><property name="java.vm.specification.vendor" value="Oracle Corporation"/><property name="java.specification.name" value="Java Platform API Specification"/><property name="user.script" value=""/><property name="sun.management.compiler" value="HotSpot 64-Bit Tiered Compilers"/><property name="java.runtime.version" value="15.0.2+7-27"/><property name="user.name" value="NARESH"/><property name="log4j.ignoreTCL" value="true"/><property name="file.encoding" value="UTF-8"/><property name="jnidispatch.path" value="C:\Users\NARESH\AppData\Local\Temp\jna--1999352837\jna16245271226435885371.dll"/><property name="jna.loaded" value="true"/><property name="java.io.tmpdir" value="C:\Users\NARESH\AppData\Local\Temp\"/><property name="java.version" value="15.0.2"/><property name="java.vm.specification.name" value="Java Virtual Machine Specification"/><property name="sun.os.patch.level" value=""/><property name="java.library.path" value="C:\Program Files\Java\jdk-15.0.2\bin;C:\WINDOWS\Sun\Java\bin;C:\WINDOWS\system32;C:\WINDOWS;C:\Program Files\Java\jdk-15.0.2\bin;C:\Program Files\Common Files\Oracle\Java\javapath;C:\WINDOWS\system32;C:\WINDOWS;C:\WINDOWS\System32\Wbem;C:\WINDOWS\System32\WindowsPowerShell\v1.0\;C:\WINDOWS\System32\OpenSSH\;C:\Program Files (x86)\Gpg4win\..\GnuPG\bin;C:\Program Files\Apache Software Foundation\apache-maven-3.6.3-bin\apache-maven-3.6.3\bin;C:\Program Files\Gradle\gradle-6.5.1\bin;C:\Kub;C:\Program Files\nodejs\;C:\Program Files\Apache Software Foundation\apache-tomcat-10.0.16\bin;C:\Program Files\PuTTY\;C:\Program Files\Java\jdk-15.0.2\bin;C:\WINDOWS\system32;C:\WINDOWS;C:\WINDOWS\System32\Wbem;C:\WINDOWS\System32\WindowsPowerShell\v1.0\;C:\WINDOWS\System32\OpenSSH\;C:\Program Files\Git\cmd;C:\Program Files (x86)\sbt\bin;C:\ProgramData\chocolatey\bin;C:\Program Files\MySQL\MySQL Shell 8.0\bin\;C:\Users\NARESH\AppData\Local\Microsoft\WindowsApps;C:\Users\NARESH\AppData\Local\Programs\Microsoft VS Code\bin;C:\Program Files\JetBrains\PyCharm Community Edition 2020.3.3\bin;C:\Users\NARESH\AppData\Roaming\npm;C:\Program Files\minikube;C:\Users\NARESH\AppData\Local\Coursier\data\bin;C:\Program Files\JetBrains\IntelliJ IDEA Community Edition 2022.2.2\bin;;C:\Users\NARESH\AppData\Local\Microsoft\WindowsApps;C:\ProgramData\NARESH\GitHubDesktop\bin;C:\Program Files (x86)\Brackets\;."/><property name="java.vendor" value="Oracle Corporation"/><property name="scala.ext.dirs" value="C:\Users\NARESH\.sbt\1.0\java9-rt-ext-oracle_corporation_15_0_2"/><property name="sun.io.unicode.encoding" value="UnicodeLittle"/><property name="java.class.path" value="C:\Program Files (x86)\sbt\\bin\sbt-launch.jar"/><property name="java.vm.vendor" value="Oracle Corporation"/><property name="user.variant" value=""/><property name="jline.shutdownhook" value="false"/><property name="user.timezone" value="Europe/London"/><property name="java.vm.specification.version" value="15"/><property name="os.name" value="Windows 10"/><property name="sun.java.launcher" value="SUN_STANDARD"/><property name="user.country" value="IN"/><property name="sun.cpu.endian" value="little"/><property name="user.home" value="C:\Users\NARESH"/><property name="user.language" value="en"/><property name="sbt.ipcsocket.tmpdir" value="C:\Users\NARESH\AppData\Local\Temp\.sbt33e7a9d6\ipcsocket"/><property name="swoval.tmpdir" value="C:\Users\NARESH\AppData\Local\Temp\.sbt33e7a9d6\swoval"/><property name="jline.esc.timeout" value="0"/><property name="path.separator" value=";"/><property name="os.version" value="10.0"/><property name="jna.nosys" value="true"/><property name="java.runtime.name" value="Java(TM) SE Runtime Environment"/><property name="java.vm.name" value="Java HotSpot(TM) 64-Bit Server VM"/><property name="java.vendor.url.bug" value="https://bugreport.java.com/bugreport/"/><property name="user.dir" value="C:\Users\NARESH\IdeaProjects\CI-CD pipeline\practice\ShoppingCart"/><property name="os.arch" value="amd64"/><property name="java.vm.info" value="mixed mode, sharing"/><property name="java.vm.version" value="15.0.2+7-27"/><property name="java.class.version" value="59.0"/>
    </properties>
          <testcase classname="com.atos.exercise.ShoppingCartSpec" name="ShoppingCart.calculateTotalCost should return 0.0 for an empty list" time="0.026">
                      
                    </testcase><testcase classname="com.atos.exercise.ShoppingCartSpec" name="ShoppingCart.calculateTotalCost should return the correct total cost for a list of apples and oranges" time="0.006">
                      
                    </testcase><testcase classname="com.atos.exercise.ShoppingCartSpec" name="Item.AppleOffer should remove the price of every second apple in the list" time="0.004">
                      
                    </testcase><testcase classname="com.atos.exercise.ShoppingCartSpec" name="Item.OrangeOffer should remove the price of every third orange in the list" time="0.003">
                      
                    </testcase><testcase classname="com.atos.exercise.ShoppingCartSpec" name="Item.OrangeOffer should apply both offers and return the correct total cost" time="0.001">
                      
                    </testcase>
          <system-out><![CDATA[]]></system-out>
          <system-err><![CDATA[]]></system-err>
        </testsuite>